<?xml version="1.0" encoding="UTF-8"?>
<!-- Generated by org.testng.reporters.JUnitReportReporter -->
<testsuite skipped="0" hostname="L-TEC-ERP-075" name="CorpNetApp.pom.test.testOperation.TestCases_Setting.TC_CreateCompanyCutOffByMaker" tests="1" failures="0" timestamp="10 Jan 2023 04:52:59 GMT" time="60.813" errors="0">
  <testcase name="addCompanyCutOffSuccess" time="60.813" classname="CorpNetApp.pom.test.testOperation.TestCases_Setting.TC_CreateCompanyCutOffByMaker"/>
</testsuite> <!-- CorpNetApp.pom.test.testOperation.TestCases_Setting.TC_CreateCompanyCutOffByMaker -->
