<?xml version="1.0" encoding="UTF-8"?>
<!-- Generated by org.testng.reporters.JUnitReportReporter -->
<testsuite skipped="0" hostname="L-TEC-ERP-075" name="CorpNetApp.pom.test.testCompany.TestCases_Universal_Account_Transaction.TC_SpAuth_TransferByComChecker" tests="1" failures="0" timestamp="25 Jan 2023 10:40:21 GMT" time="95.514" errors="0">
  <testcase name="Authorized_SpAuth_Bulk_TranSuccess" time="95.514" classname="CorpNetApp.pom.test.testCompany.TestCases_Universal_Account_Transaction.TC_SpAuth_TransferByComChecker"/>
</testsuite> <!-- CorpNetApp.pom.test.testCompany.TestCases_Universal_Account_Transaction.TC_SpAuth_TransferByComChecker -->
