<?xml version="1.0" encoding="UTF-8"?>
<!-- Generated by org.testng.reporters.JUnitReportReporter -->
<testsuite skipped="0" hostname="L-TEC-ERP-075" name="CorpNetApp.pom.test.testOperation.TestCases_CompanyManagement.TestCases_CreateSignatoryRules.TC_AuthorizeSignatoryRulesForCorporateWithValidData" tests="1" failures="0" timestamp="10 Jan 2023 06:06:14 GMT" time="101.855" errors="0">
  <testcase name="AuthorizeComplexSignatoryRulesForCorporate" time="101.855" classname="CorpNetApp.pom.test.testOperation.TestCases_CompanyManagement.TestCases_CreateSignatoryRules.TC_AuthorizeSignatoryRulesForCorporateWithValidData"/>
</testsuite> <!-- CorpNetApp.pom.test.testOperation.TestCases_CompanyManagement.TestCases_CreateSignatoryRules.TC_AuthorizeSignatoryRulesForCorporateWithValidData -->
