<?xml version="1.0" encoding="UTF-8"?>
<!-- Generated by org.testng.reporters.JUnitReportReporter -->
<testsuite skipped="0" hostname="L-TEC-ERP-075" name="CorpNetApp.pom.test.testCompany.TestCases_IFTTransaction.TC_IFT_ManyToManyTransferByComApprove" tests="1" failures="0" timestamp="25 Jan 2023 04:33:27 GMT" time="114.863" errors="0">
  <testcase name="Approve_IFT_Many_Many_TranSuccess" time="114.863" classname="CorpNetApp.pom.test.testCompany.TestCases_IFTTransaction.TC_IFT_ManyToManyTransferByComApprove"/>
</testsuite> <!-- CorpNetApp.pom.test.testCompany.TestCases_IFTTransaction.TC_IFT_ManyToManyTransferByComApprove -->
