<?xml version="1.0" encoding="UTF-8"?>
<!-- Generated by org.testng.reporters.JUnitReportReporter -->
<testsuite skipped="0" hostname="L-TEC-ERP-075" name="CorpNetApp.pom.test.testOperation.TestCases_CompanyManagement.TestCases_CreateSignatoryRules.TC_AuthorizeSimpleSignatoryRulesForPayrollWithValidData" tests="1" failures="0" timestamp="10 Jan 2023 06:19:30 GMT" time="122.735" errors="0">
  <testcase name="AuthorizeSimpleSignatoryRulesForPayroll" time="122.735" classname="CorpNetApp.pom.test.testOperation.TestCases_CompanyManagement.TestCases_CreateSignatoryRules.TC_AuthorizeSimpleSignatoryRulesForPayrollWithValidData"/>
</testsuite> <!-- CorpNetApp.pom.test.testOperation.TestCases_CompanyManagement.TestCases_CreateSignatoryRules.TC_AuthorizeSimpleSignatoryRulesForPayrollWithValidData -->
