<?xml version="1.0" encoding="UTF-8"?>
<!-- Generated by org.testng.reporters.JUnitReportReporter -->
<testsuite skipped="0" hostname="L-TEC-ERP-075" name="CorpNetApp.pom.test.testOperation.TestCases_CompanyManagement.TestCase_MemberSetupAndSignatorySetup.TC_CreateMemberWithAllValidDataForBoth" tests="1" failures="0" timestamp="10 Jan 2023 05:31:38 GMT" time="49.742" errors="0">
  <testcase name="CreateMemberSetupSuccess" time="49.742" classname="CorpNetApp.pom.test.testOperation.TestCases_CompanyManagement.TestCase_MemberSetupAndSignatorySetup.TC_CreateMemberWithAllValidDataForBoth"/>
</testsuite> <!-- CorpNetApp.pom.test.testOperation.TestCases_CompanyManagement.TestCase_MemberSetupAndSignatorySetup.TC_CreateMemberWithAllValidDataForBoth -->
