<?xml version="1.0" encoding="UTF-8"?>
<!-- Generated by org.testng.reporters.JUnitReportReporter -->
<testsuite skipped="0" hostname="L-TEC-ERP-075" name="CorpNetApp.pom.test.testCompany.TestCases_RTGS_Transaction.TC_RTGS_Bulk_TransferByComMaker" tests="1" failures="0" timestamp="25 Jan 2023 10:32:34 GMT" time="179.244" errors="0">
  <testcase name="initiate_RTGS_Bulk_TranSuccess" time="179.244" classname="CorpNetApp.pom.test.testCompany.TestCases_RTGS_Transaction.TC_RTGS_Bulk_TransferByComMaker"/>
</testsuite> <!-- CorpNetApp.pom.test.testCompany.TestCases_RTGS_Transaction.TC_RTGS_Bulk_TransferByComMaker -->
