<?xml version="1.0" encoding="UTF-8"?>
<!-- Generated by org.testng.reporters.JUnitReportReporter -->
<testsuite skipped="0" hostname="L-TEC-ERP-075" name="CorpNetApp.pom.test.testCompany.TestCases_EFT_Transaction.TC_BEFT_Single_TransferByComMaker" tests="1" failures="0" timestamp="25 Jan 2023 05:32:14 GMT" time="147.156" errors="0">
  <testcase name="success_EFT_Single_Transaction_initiate" time="147.156" classname="CorpNetApp.pom.test.testCompany.TestCases_EFT_Transaction.TC_BEFT_Single_TransferByComMaker"/>
</testsuite> <!-- CorpNetApp.pom.test.testCompany.TestCases_EFT_Transaction.TC_BEFT_Single_TransferByComMaker -->
