<?xml version="1.0" encoding="UTF-8"?>
<!-- Generated by org.testng.reporters.JUnitReportReporter -->
<testsuite skipped="0" hostname="L-TEC-ERP-075" name="CorpNetApp.pom.test.testCompany.TestCases_EFT_Transaction.TC_BEFT_Many_Many_TransferByComMaker" tests="1" failures="0" timestamp="25 Jan 2023 10:19:05 GMT" time="97.983" errors="0">
  <testcase name="success_EFT_Many_Many_Transaction_initiate" time="97.983" classname="CorpNetApp.pom.test.testCompany.TestCases_EFT_Transaction.TC_BEFT_Many_Many_TransferByComMaker"/>
</testsuite> <!-- CorpNetApp.pom.test.testCompany.TestCases_EFT_Transaction.TC_BEFT_Many_Many_TransferByComMaker -->
