<?xml version="1.0" encoding="UTF-8"?>
<!-- Generated by org.testng.reporters.JUnitReportReporter -->
<testsuite skipped="0" hostname="L-TEC-ERP-075" name="CorpNetApp.pom.test.testOperation.TestCases_CompanyManagement.TestCases_CreateSignatoryRules.TC__CreateSimpleSignatoryRulesForPayrollWithValidData" tests="1" failures="0" timestamp="10 Jan 2023 06:16:56 GMT" time="163.139" errors="0">
  <testcase name="CreateSimpleSignatoryRulesSuccess" time="163.139" classname="CorpNetApp.pom.test.testOperation.TestCases_CompanyManagement.TestCases_CreateSignatoryRules.TC__CreateSimpleSignatoryRulesForPayrollWithValidData"/>
</testsuite> <!-- CorpNetApp.pom.test.testOperation.TestCases_CompanyManagement.TestCases_CreateSignatoryRules.TC__CreateSimpleSignatoryRulesForPayrollWithValidData -->
