<?xml version="1.0" encoding="UTF-8"?>
<!-- Generated by org.testng.reporters.JUnitReportReporter -->
<testsuite skipped="0" hostname="L-TEC-ERP-075" name="CorpNetApp.pom.test.testOperation.TestCases_Setting.TC_Authorize_CutOffByChecker" tests="1" failures="0" timestamp="10 Jan 2023 04:52:59 GMT" time="106.486" errors="0">
  <testcase name="authorizeCutOffTimeSuccess" time="106.486" classname="CorpNetApp.pom.test.testOperation.TestCases_Setting.TC_Authorize_CutOffByChecker"/>
</testsuite> <!-- CorpNetApp.pom.test.testOperation.TestCases_Setting.TC_Authorize_CutOffByChecker -->
