<?xml version="1.0" encoding="UTF-8"?>
<!-- Generated by org.testng.reporters.JUnitReportReporter -->
<testsuite skipped="0" hostname="L-TEC-ERP-075" name="CorpNetApp.pom.test.testCompany.TestCases_Universal_Account_Transaction.TC_Third_Party_Special_Auth_Acc_TransferByComMaker" tests="1" failures="0" timestamp="25 Jan 2023 10:40:21 GMT" time="63.595" errors="0">
  <testcase name="success_Special_Third_Acc_Transaction_initiate" time="63.595" classname="CorpNetApp.pom.test.testCompany.TestCases_Universal_Account_Transaction.TC_Third_Party_Special_Auth_Acc_TransferByComMaker"/>
</testsuite> <!-- CorpNetApp.pom.test.testCompany.TestCases_Universal_Account_Transaction.TC_Third_Party_Special_Auth_Acc_TransferByComMaker -->
