<?xml version="1.0" encoding="UTF-8"?>
<!-- Generated by org.testng.reporters.JUnitReportReporter -->
<testsuite skipped="0" hostname="L-TEC-ERP-075" name="CorpNetApp.pom.test.testCompany.TestCases_EFT_Transaction.TC_EFT_Many_Many_Approve_TransferByComApprover" tests="1" failures="0" timestamp="25 Jan 2023 10:19:05 GMT" time="78.567" errors="0">
  <testcase name="Approve_EFT_Many_Many_TranSuccess" time="78.567" classname="CorpNetApp.pom.test.testCompany.TestCases_EFT_Transaction.TC_EFT_Many_Many_Approve_TransferByComApprover"/>
</testsuite> <!-- CorpNetApp.pom.test.testCompany.TestCases_EFT_Transaction.TC_EFT_Many_Many_Approve_TransferByComApprover -->
