<?xml version="1.0" encoding="UTF-8"?>
<!-- Generated by org.testng.reporters.JUnitReportReporter -->
<testsuite skipped="0" hostname="L-TEC-ERP-075" name="CorpNetApp.pom.test.testOperation.TestCases_UserManagement.TC_CreateCompanyMakerCheckerUserByOPS_Maker" tests="1" failures="0" timestamp="10 Jan 2023 04:52:59 GMT" time="95.095" errors="0">
  <testcase name="createComMakerCheckerUserSuccess" time="95.095" classname="CorpNetApp.pom.test.testOperation.TestCases_UserManagement.TC_CreateCompanyMakerCheckerUserByOPS_Maker"/>
</testsuite> <!-- CorpNetApp.pom.test.testOperation.TestCases_UserManagement.TC_CreateCompanyMakerCheckerUserByOPS_Maker -->
