<?xml version="1.0" encoding="UTF-8"?>
<!-- Generated by org.testng.reporters.JUnitReportReporter -->
<testsuite skipped="0" hostname="L-TEC-ERP-075" name="CorpNetApp.pom.test.testCompany.TestCases_EFT_Transaction.TC_BEFT_Single_TransferByComChecker" tests="1" failures="0" timestamp="25 Jan 2023 05:32:14 GMT" time="143.772" errors="0">
  <testcase name="authorizedEFT_Single_TranSuccess" time="143.772" classname="CorpNetApp.pom.test.testCompany.TestCases_EFT_Transaction.TC_BEFT_Single_TransferByComChecker"/>
</testsuite> <!-- CorpNetApp.pom.test.testCompany.TestCases_EFT_Transaction.TC_BEFT_Single_TransferByComChecker -->
