<?xml version="1.0" encoding="UTF-8"?>
<!-- Generated by org.testng.reporters.JUnitReportReporter -->
<testsuite skipped="0" hostname="L-TEC-ERP-075" name="CorpNetApp.pom.test.testCompany.TestCases_Universal_Account_Transaction.TC_Sp_Auth_TransferByComApprove" tests="1" failures="0" timestamp="25 Jan 2023 10:40:21 GMT" time="61.396" errors="0">
  <testcase name="approve_SpAuth_ThirdParty_ByApproveSuccess" time="61.396" classname="CorpNetApp.pom.test.testCompany.TestCases_Universal_Account_Transaction.TC_Sp_Auth_TransferByComApprove"/>
</testsuite> <!-- CorpNetApp.pom.test.testCompany.TestCases_Universal_Account_Transaction.TC_Sp_Auth_TransferByComApprove -->
