<?xml version="1.0" encoding="UTF-8"?>
<!-- Generated by org.testng.reporters.JUnitReportReporter -->
<testsuite skipped="0" hostname="L-TEC-ERP-075" name="CorpNetApp.pom.test.testCompany.TestCases_RTGS_Transaction.TC_RTGS_Single_TransferByComApprove" tests="1" failures="0" timestamp="25 Jan 2023 10:32:34 GMT" time="107.413" errors="0">
  <testcase name="approve_Single_ByApproveSuccess" time="107.413" classname="CorpNetApp.pom.test.testCompany.TestCases_RTGS_Transaction.TC_RTGS_Single_TransferByComApprove"/>
</testsuite> <!-- CorpNetApp.pom.test.testCompany.TestCases_RTGS_Transaction.TC_RTGS_Single_TransferByComApprove -->
