<?xml version="1.0" encoding="UTF-8"?>
<!-- Generated by org.testng.reporters.JUnitReportReporter -->
<testsuite skipped="0" hostname="L-TEC-ERP-075" name="CorpNetApp.pom.test.testOperation.TestCases_UserManagement.TC_AuthorizedComTransactionApproverUserByOps_Checker" tests="1" failures="0" timestamp="10 Jan 2023 06:36:59 GMT" time="74.252" errors="0">
  <testcase name="ApproveApproverUserSuccess" time="74.252" classname="CorpNetApp.pom.test.testOperation.TestCases_UserManagement.TC_AuthorizedComTransactionApproverUserByOps_Checker"/>
</testsuite> <!-- CorpNetApp.pom.test.testOperation.TestCases_UserManagement.TC_AuthorizedComTransactionApproverUserByOps_Checker -->
