<?xml version="1.0" encoding="UTF-8"?>
<!-- Generated by org.testng.reporters.JUnitReportReporter -->
<testsuite skipped="0" hostname="L-TEC-ERP-075" name="CorpNetApp.pom.test.testCompany.TestCases_EFT_Transaction.TC_EFT_1_Many_Approve_TransferByComApprover" tests="1" failures="0" timestamp="25 Jan 2023 06:41:33 GMT" time="83.170" errors="0">
  <testcase name="Approve_EFT_1_Many_TranSuccess" time="83.170" classname="CorpNetApp.pom.test.testCompany.TestCases_EFT_Transaction.TC_EFT_1_Many_Approve_TransferByComApprover"/>
</testsuite> <!-- CorpNetApp.pom.test.testCompany.TestCases_EFT_Transaction.TC_EFT_1_Many_Approve_TransferByComApprover -->
