<?xml version="1.0" encoding="UTF-8"?>
<!-- Generated by org.testng.reporters.JUnitReportReporter -->
<testsuite skipped="0" hostname="L-TEC-ERP-075" name="CorpNetApp.pom.test.testCompany.TestCases_IFTTransaction.TC_IFT_Single_TransferByComMaker" tests="1" failures="0" timestamp="25 Jan 2023 04:33:27 GMT" time="117.131" errors="0">
  <testcase name="success_IFT_Transaction_initiate" time="117.131" classname="CorpNetApp.pom.test.testCompany.TestCases_IFTTransaction.TC_IFT_Single_TransferByComMaker"/>
</testsuite> <!-- CorpNetApp.pom.test.testCompany.TestCases_IFTTransaction.TC_IFT_Single_TransferByComMaker -->
