<?xml version="1.0" encoding="UTF-8"?>
<!-- Generated by org.testng.reporters.JUnitReportReporter -->
<testsuite skipped="0" hostname="L-TEC-ERP-075" name="CorpNetApp.pom.test.testOperation.TestCases_UserManagement.TC_CreateCompanyApproverUserByOPS_Maker" tests="1" failures="0" timestamp="10 Jan 2023 06:35:15 GMT" time="90.223" errors="0">
  <testcase name="createComApproverUserSuccess" time="90.223" classname="CorpNetApp.pom.test.testOperation.TestCases_UserManagement.TC_CreateCompanyApproverUserByOPS_Maker"/>
</testsuite> <!-- CorpNetApp.pom.test.testOperation.TestCases_UserManagement.TC_CreateCompanyApproverUserByOPS_Maker -->
