<?xml version="1.0" encoding="UTF-8"?>
<!-- Generated by org.testng.reporters.JUnitReportReporter -->
<testsuite skipped="0" hostname="L-TEC-ERP-075" name="CorpNetApp.pom.test.testCompany.TestCases_EFT_Transaction.TC_EFT_Approve_Single_TransferByComApprover" tests="1" failures="0" timestamp="25 Jan 2023 05:32:14 GMT" time="198.429" errors="0">
  <testcase name="Approve_EFT_Single_TranSuccess" time="198.429" classname="CorpNetApp.pom.test.testCompany.TestCases_EFT_Transaction.TC_EFT_Approve_Single_TransferByComApprover"/>
</testsuite> <!-- CorpNetApp.pom.test.testCompany.TestCases_EFT_Transaction.TC_EFT_Approve_Single_TransferByComApprover -->
