<?xml version="1.0" encoding="UTF-8"?>
<!-- Generated by org.testng.reporters.JUnitReportReporter -->
<testsuite skipped="0" hostname="L-TEC-ERP-075" name="CorpNetApp.pom.test.testCompany.TestCases_IFTTransaction.TC_IFT_ManyToManyTransferByComChecker" tests="1" failures="0" timestamp="25 Jan 2023 04:33:27 GMT" time="121.590" errors="0">
  <testcase name="authorizedIFT_Many_Many_TranSuccess" time="121.590" classname="CorpNetApp.pom.test.testCompany.TestCases_IFTTransaction.TC_IFT_ManyToManyTransferByComChecker"/>
</testsuite> <!-- CorpNetApp.pom.test.testCompany.TestCases_IFTTransaction.TC_IFT_ManyToManyTransferByComChecker -->
